70
0
1
bulevard_la_rome138 1
1
3
rrethi_des_rome0 2
avenue_athens208 4
sheshi_des_rome139 1
2
3
boulevard_des_paris70 1
boulevard_prishtina1 1
avenue_madrid209 5
3
3
buleva_athens140 1
lane_beijing71 1
road_tokyo2 6
4
2
square_la_athens141 1
lane_du_rio3 2
5
3
square_lisbon142 1
bulevard_la_sydney4 1
rrethi_des_london73 1
6
3
street_la_prishtina5 3
rrethi_des_paris74 3
avenue_sydney143 3
7
1
bulevard_le_madrid75 1
8
2
rruga_london76 4
boulevard_de_rome7 9
9
3
rrethi_les_rio8 3
rruga_le_cairo77 1
rruga_les_tokyo146 3
10
2
street_paris147 1
rrethi_paris78 1
11
3
boulevard_rome79 1
place_d'_prishtina10 1
square_rome148 1
12
2
rruga_berlin149 2
road_du_rome80 1
13
3
avenue_london150 1
square_du_beijing81 2
boulevard_sydney12 2
14
2
bulevardi_cairo151 1
avenue_lisbon82 1
15
2
rrethi_prishtina83 1
sheshi_la_rio14 2
16
1
avenue_la_rome84 1
17
3
sheshi_paris85 1
rruga_de_moscow154 1
sheshi_de_beijing16 5
18
1
lane_beijing86 1
19
1
bulevardi_du_london87 2
20
2
square_le_sydney88 1
buleva_du_cairo157 1
21
2
rruga_madrid20 2
square_athens158 1
22
2
buleva_sydney21 1
road_du_tokyo159 1
23
2
buleva_des_prishtina160 1
boulevard_athens22 1
24
3
bulevardi_rio23 2
square_la_moscow92 2
bulevard_la_berlin161 1
25
3
lane_cairo162 1
bulevard_london93 1
road_d'_berlin24 4
26
1
boulevard_de_newyork25 1
27
2
road_d'_rome26 1
rruga_prishtina164 3
28
2
bulevardi_la_madrid96 1
rrethi_newyork27 4
29
3
avenue_la_paris166 1
rruga_d'_newyork28 10
avenue_le_paris97 3
30
3
lane_cairo167 3
rrethi_les_lisbon29 9
square_cairo98 1
31
2
avenue_le_rome99 2
square_des_paris168 1
32
3
lane_tokyo31 1
place_london169 1
rue_prishtina100 2
33
2
sheshi_d'_madrid32 1
avenue_la_newyork101 1
34
2
buleva_du_lisbon33 1
road_d'_cairo171 1
35
2
avenue_paris172 2
buleva_des_lisbon103 5
36
3
bulevard_beijing35 7
sheshi_madrid104 1
rue_beijing173 1
37
2
rue_paris36 2
place_cairo105 1
38
3
rue_la_sydney175 1
sheshi_lisbon106 2
place_des_lisbon37 1
39
3
place_cairo107 2
buleva_paris176 4
street_d'_tokyo38 1
40
3
bulevard_cairo177 4
avenue_beijing108 2
bulevard_moscow39 4
41
2
lane_le_beijing109 1
buleva_des_madrid40 1
42
3
boulevard_de_moscow41 1
buleva_d'_moscow110 1
boulevard_sydney179 2
43
3
buleva_paris42 2
boulevard_tokyo180 1
rruga_newyork111 2
44
3
rrethi_de_beijing43 1
boulevard_sydney112 1
buleva_la_prishtina181 3
45
3
place_tokyo182 3
rrethi_d'_tokyo44 1
boulevard_athens113 1
46
3
rue_les_moscow114 2
place_la_berlin45 2
square_le_paris183 4
47
3
rrethi_des_rio115 1
place_les_newyork46 1
square_le_newyork184 1
48
3
place_tokyo47 1
rue_prishtina185 1
square_athens116 3
49
3
rue_d'_tokyo48 3
sheshi_athens117 1
square_la_madrid186 1
50
3
road_athens118 4
buleva_newyork187 1
rue_madrid49 4
51
3
street_lisbon119 2
bulevardi_le_london188 1
bulevardi_newyork50 2
52
3
rruga_les_prishtina189 1
street_du_lisbon120 9
rrethi_berlin51 1
53
3
bulevardi_les_newyork190 2
rruga_prishtina52 1
rruga_du_athens121 4
54
2
street_du_berlin191 1
rruga_les_tokyo53 1
55
3
bulevard_newyork192 1
road_sydney54 1
bulevardi_athens123 9
56
2
sheshi_paris55 1
sheshi_berlin193 1
57
2
buleva_d'_rome194 2
boulevard_lisbon125 1
58
3
lane_cairo57 2
square_rio195 3
place_rio126 2
59
1
rrethi_paris127 1
60
3
square_berlin128 5
place_moscow197 1
place_madrid59 1
61
3
avenue_de_prishtina129 7
rruga_du_berlin198 1
place_tokyo60 1
62
3
boulevard_le_moscow199 1
lane_du_london61 1
bulevardi_des_berlin130 3
63
2
rue_athens200 1
rruga_london62 1
64
2
bulevardi_sydney63 1
rue_de_madrid201 1
65
2
square_de_paris202 1
rruga_newyork133 2
66
1
bulevardi_cairo134 1
67
2
buleva_du_paris66 1
rue_du_beijing135 3
68
2
boulevard_lisbon136 1
buleva_lisbon67 3
69
2
place_prishtina137 2
square_london206 1
